
> ursa-optional@0.9.10 rebuild
> node-gyp rebuild

이 솔루션의 프로젝트를 한 번에 하나씩 빌드합니다. 병렬 빌드를 사용하려면 "-m" 스위치를 추가하세요.
  ursaNative.cc
C:\Users\82103\AppData\Local\node-gyp\Cache\18.16.0\include\node\v8-platform.h(1,1): warning C4819: 현재 코드 페이지(949)에서 표시할 수 없는 문자가 파일에 들어 있습니다. 데이터가 손실되지 않게 하려면 해당 파일을 유니코드 형식으로 저장하십시오. [F:\2023_pnu_cse\node01\node_modules\ursa-optional\build\ursaNative.vcxproj]
C:\Users\82103\AppData\Local\node-gyp\Cache\18.16.0\include\node\node.h(694,1): warning C4819: 현재 코드 페이지(949)에서 표시할 수 없는 문자가 파일에 들어 있습니다. 데이터가 손실되지 않게 하려면 해당 파일을 유니코드 형식으로 저장하십시오. [F:\2023_pnu_cse\node01\node_modules\ursa-optional\build\ursaNative.vcxproj]
F:\2023_pnu_cse\node01\node_modules\ursa-optional\src\ursaNative.cc(543,19): error C2660: 'v8::String::Utf8Length': 함수는 0개의 인수를 사용하지 않습니다. [F:\2023_pnu_cse\node01\node_modules\ursa-optional\build\ursaNative.vcxproj]
C:\Users\82103\AppData\Local\node-gyp\Cache\18.16.0\include\node\v8-primitive.h(142,7): message : 'v8::String::Utf8Length' 선언을 참조하십시오. [F:\2023_pnu_cse\node01\node_modules\ursa-optional\build\ursaNative.vcxproj]
F:\2023_pnu_cse\node01\node_modules\ursa-optional\src\ursaNative.cc(543,19): message : 인수 목록 '()'을(를) 일치시키는 동안 [F:\2023_pnu_cse\node01\node_modules\ursa-optional\build\ursaNative.vcxproj]
F:\2023_pnu_cse\node01\node_modules\ursa-optional\src\ursaNative.cc(553,6): error C2664: 'int v8::String::WriteUtf8(v8::Isolate *,char *,int,int *,int) const': 인수 1을(를) 'char *'에서 'v8::Isolate *'(으)로 변환할 수 없습니다. [F:\2023_pnu_cse\node01\node_modules\ursa-optional\build\ursaNative.vcxproj]
F:\2023_pnu_cse\node01\node_modules\ursa-optional\src\ursaNative.cc(553,18): message : 가리킨 형식이 관련이 없습니다. 변환하려면 reinterpret_cast, C 스타일 캐스트 또는 괄호가 있는 함수 스타일 캐스트가 필요합니다. [F:\2023_pnu_cse\node01\node_modules\ursa-optional\build\ursaNative.vcxproj]
C:\Users\82103\AppData\Local\node-gyp\Cache\18.16.0\include\node\v8-primitive.h(202,7): message : 'v8::String::WriteUtf8' 선언을 참조하십시오. [F:\2023_pnu_cse\node01\node_modules\ursa-optional\build\ursaNative.vcxproj]
F:\2023_pnu_cse\node01\node_modules\ursa-optional\src\ursaNative.cc(553,6): message : 인수 목록 '(char *, int)'을(를) 일치시키는 동안 [F:\2023_pnu_cse\node01\node_modules\ursa-optional\build\ursaNative.vcxproj]
F:\2023_pnu_cse\node01\node_modules\ursa-optional\src\ursaNative.cc(588,17): warning C4996: 'RSA_new': Since OpenSSL 3.0 [F:\2023_pnu_cse\node01\node_modules\ursa-optional\build\ursaNative.vcxproj]
F:\2023_pnu_cse\node01\node_modules\ursa-optional\src\ursaNative.cc(596,7): warning C4996: 'RSA_generate_key_ex': Since OpenSSL 3.0 [F:\2023_pnu_cse\node01\node_modules\ursa-optional\build\ursaNative.vcxproj]
F:\2023_pnu_cse\node01\node_modules\ursa-optional\src\ursaNative.cc(598,5): warning C4996: 'RSA_free': Since OpenSSL 3.0 [F:\2023_pnu_cse\node01\node_modules\ursa-optional\build\ursaNative.vcxproj]
F:\2023_pnu_cse\node01\node_modules\ursa-optional\src\ursaNative.cc(690,54): error C2660: 'v8::FunctionTemplate::GetFunction': 함수는 0개의 인수를 사용하지 않습니다. [F:\2023_pnu_cse\node01\node_modules\ursa-optional\build\ursaNative.vcxproj]
C:\Users\82103\AppData\Local\node-gyp\Cache\18.16.0\include\node\v8-template.h(513,46): message : 'v8::FunctionTemplate::GetFunction' 선언을 참조하십시오. [F:\2023_pnu_cse\node01\node_modules\ursa-optional\build\ursaNative.vcxproj]
F:\2023_pnu_cse\node01\node_modules\ursa-optional\src\ursaNative.cc(690,54): message : 인수 목록 '()'을(를) 일치시키는 동안 [F:\2023_pnu_cse\node01\node_modules\ursa-optional\build\ursaNative.vcxproj]
F:\2023_pnu_cse\node01\node_modules\ursa-optional\src\ursaNative.cc(690,9): error C2661: 'v8::Object::Set': 오버로드된 함수에서 1개의 인수를 사용하지 않습니다. [F:\2023_pnu_cse\node01\node_modules\ursa-optional\build\ursaNative.vcxproj]
F:\2023_pnu_cse\node01\node_modules\ursa-optional\src\ursaNative.cc(690,9): message : 인수 목록 '(v8::Local<v8::String>)'을(를) 일치시키는 동안 [F:\2023_pnu_cse\node01\node_modules\ursa-optional\build\ursaNative.vcxproj]
F:\2023_pnu_cse\node01\node_modules\ursa-optional\src\ursaNative.cc(691,24): error C2660: 'v8::FunctionTemplate::GetFunction': 함수는 0개의 인수를 사용하지 않습니다. [F:\2023_pnu_cse\node01\node_modules\ursa-optional\build\ursaNative.vcxproj]
C:\Users\82103\AppData\Local\node-gyp\Cache\18.16.0\include\node\v8-template.h(513,46): message : 'v8::FunctionTemplate::GetFunction' 선언을 참조하십시오. [F:\2023_pnu_cse\node01\node_modules\ursa-optional\build\ursaNative.vcxproj]
F:\2023_pnu_cse\node01\node_modules\ursa-optional\src\ursaNative.cc(691,24): message : 인수 목록 '()'을(를) 일치시키는 동안 [F:\2023_pnu_cse\node01\node_modules\ursa-optional\build\ursaNative.vcxproj]
F:\2023_pnu_cse\node01\node_modules\ursa-optional\src\ursaNative.cc(691,14): error C2660: 'Nan::Persistent<v8::Function,v8::NonCopyablePersistentTraits<T>>::Reset': 함수는 1개의 인수를 사용하지 않습니다. [F:\2023_pnu_cse\node01\node_modules\ursa-optional\build\ursaNative.vcxproj]
          with
          [
              T=v8::Function
          ]
F:\2023_pnu_cse\node01\node_modules\nan\nan_persistent_12_inl.h(25,15): message : 'Nan::Persistent<v8::Function,v8::NonCopyablePersistentTraits<T>>::Reset' 선언을 참조하십시오. [F:\2023_pnu_cse\node01\node_modules\ursa-optional\build\ursaNative.vcxproj]
          with
          [
              T=v8::Function
          ]
F:\2023_pnu_cse\node01\node_modules\nan\nan_persistent_12_inl.h(33,15): message : 'void Nan::Persistent<v8::Function,v8::NonCopyablePersistentTraits<T>>::Reset(const v8::PersistentBase<S> &)'일 수 있습니다. [F:\2023_pnu_cse\node01\node_modules\ursa-optional\build\ursaNative.vcxproj]
          with
          [
              T=v8::Function
          ]
F:\2023_pnu_cse\node01\node_modules\nan\nan_persistent_12_inl.h(28,15): message : 또는       'void Nan::Persistent<v8::Function,v8::NonCopyablePersistentTraits<T>>::Reset(const v8::Local<S> &)' [F:\2023_pnu_cse\node01\node_modules\ursa-optional\build\ursaNative.vcxproj]
          with
          [
              T=v8::Function
          ]
F:\2023_pnu_cse\node01\node_modules\ursa-optional\src\ursaNative.cc(691,14): message : 인수 목록 '()'을(를) 일치시키는 동안 [F:\2023_pnu_cse\node01\node_modules\ursa-optional\build\ursaNative.vcxproj]
F:\2023_pnu_cse\node01\node_modules\ursa-optional\src\ursaNative.cc(693,90): error C2660: 'v8::FunctionTemplate::GetFunction': 함수는 0개의 인수를 사용하지 않습니다. [F:\2023_pnu_cse\node01\node_modules\ursa-optional\build\ursaNative.vcxproj]
C:\Users\82103\AppData\Local\node-gyp\Cache\18.16.0\include\node\v8-template.h(513,46): message : 'v8::FunctionTemplate::GetFunction' 선언을 참조하십시오. [F:\2023_pnu_cse\node01\node_modules\ursa-optional\build\ursaNative.vcxproj]
F:\2023_pnu_cse\node01\node_modules\ursa-optional\src\ursaNative.cc(693,90): message : 인수 목록 '()'을(를) 일치시키는 동안 [F:\2023_pnu_cse\node01\node_modules\ursa-optional\build\ursaNative.vcxproj]
F:\2023_pnu_cse\node01\node_modules\ursa-optional\src\ursaNative.cc(693,9): error C2661: 'v8::Object::Set': 오버로드된 함수에서 1개의 인수를 사용하지 않습니다. [F:\2023_pnu_cse\node01\node_modules\ursa-optional\build\ursaNative.vcxproj]
F:\2023_pnu_cse\node01\node_modules\ursa-optional\src\ursaNative.cc(693,9): message : 인수 목록 '(v8::Local<v8::String>)'을(를) 일치시키는 동안 [F:\2023_pnu_cse\node01\node_modules\ursa-optional\build\ursaNative.vcxproj]
F:\2023_pnu_cse\node01\node_modules\ursa-optional\src\ursaNative.cc(713,5): warning C4996: 'RSA_free': Since OpenSSL 3.0 [F:\2023_pnu_cse\node01\node_modules\ursa-optional\build\ursaNative.vcxproj]
F:\2023_pnu_cse\node01\node_modules\ursa-optional\src\ursaNative.cc(740,16): warning C4996: 'RSA_new': Since OpenSSL 3.0 [F:\2023_pnu_cse\node01\node_modules\ursa-optional\build\ursaNative.vcxproj]
F:\2023_pnu_cse\node01\node_modules\ursa-optional\src\ursaNative.cc(748,3): warning C4996: 'RSA_set0_key': Since OpenSSL 3.0 [F:\2023_pnu_cse\node01\node_modules\ursa-optional\build\ursaNative.vcxproj]
F:\2023_pnu_cse\node01\node_modules\ursa-optional\src\ursaNative.cc(766,5): warning C4996: 'RSA_get0_key': Since OpenSSL 3.0 [F:\2023_pnu_cse\node01\node_modules\ursa-optional\build\ursaNative.vcxproj]
F:\2023_pnu_cse\node01\node_modules\ursa-optional\src\ursaNative.cc(866,28): error C2660: 'v8::Value::Uint32Value': 함수는 0개의 인수를 사용하지 않습니다. [F:\2023_pnu_cse\node01\node_modules\ursa-optional\build\ursaNative.vcxproj]
C:\Users\82103\AppData\Local\node-gyp\Cache\18.16.0\include\node\v8-value.h(416,41): message : 'v8::Value::Uint32Value' 선언을 참조하십시오. [F:\2023_pnu_cse\node01\node_modules\ursa-optional\build\ursaNative.vcxproj]
F:\2023_pnu_cse\node01\node_modules\ursa-optional\src\ursaNative.cc(866,28): message : 인수 목록 '()'을(를) 일치시키는 동안 [F:\2023_pnu_cse\node01\node_modules\ursa-optional\build\ursaNative.vcxproj]
F:\2023_pnu_cse\node01\node_modules\ursa-optional\src\ursaNative.cc(867,25): error C2660: 'v8::Value::Uint32Value': 함수는 0개의 인수를 사용하지 않습니다. [F:\2023_pnu_cse\node01\node_modules\ursa-optional\build\ursaNative.vcxproj]
C:\Users\82103\AppData\Local\node-gyp\Cache\18.16.0\include\node\v8-value.h(416,41): message : 'v8::Value::Uint32Value' 선언을 참조하십시오. [F:\2023_pnu_cse\node01\node_modules\ursa-optional\build\ursaNative.vcxproj]
F:\2023_pnu_cse\node01\node_modules\ursa-optional\src\ursaNative.cc(867,25): message : 인수 목록 '()'을(를) 일치시키는 동안 [F:\2023_pnu_cse\node01\node_modules\ursa-optional\build\ursaNative.vcxproj]
F:\2023_pnu_cse\node01\node_modules\ursa-optional\src\ursaNative.cc(922,3): warning C4996: 'RSA_get0_key': Since OpenSSL 3.0 [F:\2023_pnu_cse\node01\node_modules\ursa-optional\build\ursaNative.vcxproj]
F:\2023_pnu_cse\node01\node_modules\ursa-optional\src\ursaNative.cc(943,3): warning C4996: 'RSA_get0_key': Since OpenSSL 3.0 [F:\2023_pnu_cse\node01\node_modules\ursa-optional\build\ursaNative.vcxproj]
F:\2023_pnu_cse\node01\node_modules\ursa-optional\src\ursaNative.cc(963,3): warning C4996: 'RSA_get0_key': Since OpenSSL 3.0 [F:\2023_pnu_cse\node01\node_modules\ursa-optional\build\ursaNative.vcxproj]
F:\2023_pnu_cse\node01\node_modules\ursa-optional\src\ursaNative.cc(1012,8): warning C4996: 'PEM_write_bio_RSAPrivateKey': Since OpenSSL 3.0 [F:\2023_pnu_cse\node01\node_modules\ursa-optional\build\ursaNative.vcxproj]
F:\2023_pnu_cse\node01\node_modules\ursa-optional\src\ursaNative.cc(1049,8): warning C4996: 'PEM_write_bio_RSA_PUBKEY': Since OpenSSL 3.0 [F:\2023_pnu_cse\node01\node_modules\ursa-optional\build\ursaNative.vcxproj]
F:\2023_pnu_cse\node01\node_modules\ursa-optional\src\ursaNative.cc(1103,24): error C2660: 'v8::Value::Uint32Value': 함수는 0개의 인수를 사용하지 않습니다. [F:\2023_pnu_cse\node01\node_modules\ursa-optional\build\ursaNative.vcxproj]
C:\Users\82103\AppData\Local\node-gyp\Cache\18.16.0\include\node\v8-value.h(416,41): message : 'v8::Value::Uint32Value' 선언을 참조하십시오. [F:\2023_pnu_cse\node01\node_modules\ursa-optional\build\ursaNative.vcxproj]
F:\2023_pnu_cse\node01\node_modules\ursa-optional\src\ursaNative.cc(1103,24): message : 인수 목록 '()'을(를) 일치시키는 동안 [F:\2023_pnu_cse\node01\node_modules\ursa-optional\build\ursaNative.vcxproj]
F:\2023_pnu_cse\node01\node_modules\ursa-optional\src\ursaNative.cc(1095,19): warning C4996: 'RSA_size': Since OpenSSL 3.0 [F:\2023_pnu_cse\node01\node_modules\ursa-optional\build\ursaNative.vcxproj]
F:\2023_pnu_cse\node01\node_modules\ursa-optional\src\ursaNative.cc(1105,19): warning C4996: 'RSA_private_decrypt': Since OpenSSL 3.0 [F:\2023_pnu_cse\node01\node_modules\ursa-optional\build\ursaNative.vcxproj]
F:\2023_pnu_cse\node01\node_modules\ursa-optional\src\ursaNative.cc(1161,24): error C2660: 'v8::Value::Uint32Value': 함수는 0개의 인수를 사용하지 않습니다. [F:\2023_pnu_cse\node01\node_modules\ursa-optional\build\ursaNative.vcxproj]
C:\Users\82103\AppData\Local\node-gyp\Cache\18.16.0\include\node\v8-value.h(416,41): message : 'v8::Value::Uint32Value' 선언을 참조하십시오. [F:\2023_pnu_cse\node01\node_modules\ursa-optional\build\ursaNative.vcxproj]
F:\2023_pnu_cse\node01\node_modules\ursa-optional\src\ursaNative.cc(1161,24): message : 인수 목록 '()'을(를) 일치시키는 동안 [F:\2023_pnu_cse\node01\node_modules\ursa-optional\build\ursaNative.vcxproj]
F:\2023_pnu_cse\node01\node_modules\ursa-optional\src\ursaNative.cc(1153,19): warning C4996: 'RSA_size': Since OpenSSL 3.0 [F:\2023_pnu_cse\node01\node_modules\ursa-optional\build\ursaNative.vcxproj]
F:\2023_pnu_cse\node01\node_modules\ursa-optional\src\ursaNative.cc(1163,13): warning C4996: 'RSA_private_encrypt': Since OpenSSL 3.0 [F:\2023_pnu_cse\node01\node_modules\ursa-optional\build\ursaNative.vcxproj]
F:\2023_pnu_cse\node01\node_modules\ursa-optional\src\ursaNative.cc(1218,24): error C2660: 'v8::Value::Uint32Value': 함수는 0개의 인수를 사용하지 않습니다. [F:\2023_pnu_cse\node01\node_modules\ursa-optional\build\ursaNative.vcxproj]
C:\Users\82103\AppData\Local\node-gyp\Cache\18.16.0\include\node\v8-value.h(416,41): message : 'v8::Value::Uint32Value' 선언을 참조하십시오. [F:\2023_pnu_cse\node01\node_modules\ursa-optional\build\ursaNative.vcxproj]
F:\2023_pnu_cse\node01\node_modules\ursa-optional\src\ursaNative.cc(1218,24): message : 인수 목록 '()'을(를) 일치시키는 동안 [F:\2023_pnu_cse\node01\node_modules\ursa-optional\build\ursaNative.vcxproj]
F:\2023_pnu_cse\node01\node_modules\ursa-optional\src\ursaNative.cc(1210,19): warning C4996: 'RSA_size': Since OpenSSL 3.0 [F:\2023_pnu_cse\node01\node_modules\ursa-optional\build\ursaNative.vcxproj]
F:\2023_pnu_cse\node01\node_modules\ursa-optional\src\ursaNative.cc(1220,19): warning C4996: 'RSA_public_decrypt': Since OpenSSL 3.0 [F:\2023_pnu_cse\node01\node_modules\ursa-optional\build\ursaNative.vcxproj]
F:\2023_pnu_cse\node01\node_modules\ursa-optional\src\ursaNative.cc(1272,24): error C2660: 'v8::Value::Uint32Value': 함수는 0개의 인수를 사용하지 않습니다. [F:\2023_pnu_cse\node01\node_modules\ursa-optional\build\ursaNative.vcxproj]
C:\Users\82103\AppData\Local\node-gyp\Cache\18.16.0\include\node\v8-value.h(416,41): message : 'v8::Value::Uint32Value' 선언을 참조하십시오. [F:\2023_pnu_cse\node01\node_modules\ursa-optional\build\ursaNative.vcxproj]
F:\2023_pnu_cse\node01\node_modules\ursa-optional\src\ursaNative.cc(1272,24): message : 인수 목록 '()'을(를) 일치시키는 동안 [F:\2023_pnu_cse\node01\node_modules\ursa-optional\build\ursaNative.vcxproj]
F:\2023_pnu_cse\node01\node_modules\ursa-optional\src\ursaNative.cc(1264,19): warning C4996: 'RSA_size': Since OpenSSL 3.0 [F:\2023_pnu_cse\node01\node_modules\ursa-optional\build\ursaNative.vcxproj]
F:\2023_pnu_cse\node01\node_modules\ursa-optional\src\ursaNative.cc(1274,13): warning C4996: 'RSA_public_encrypt': Since OpenSSL 3.0 [F:\2023_pnu_cse\node01\node_modules\ursa-optional\build\ursaNative.vcxproj]
F:\2023_pnu_cse\node01\node_modules\ursa-optional\src\ursaNative.cc(1328,16): warning C4996: 'PEM_read_bio_RSAPrivateKey': Since OpenSSL 3.0 [F:\2023_pnu_cse\node01\node_modules\ursa-optional\build\ursaNative.vcxproj]
F:\2023_pnu_cse\node01\node_modules\ursa-optional\src\ursaNative.cc(1374,14): warning C4996: 'PEM_read_bio_RSA_PUBKEY': Since OpenSSL 3.0 [F:\2023_pnu_cse\node01\node_modules\ursa-optional\build\ursaNative.vcxproj]
F:\2023_pnu_cse\node01\node_modules\ursa-optional\src\ursaNative.cc(1411,20): error C2660: 'v8::Value::Uint32Value': 함수는 0개의 인수를 사용하지 않습니다. [F:\2023_pnu_cse\node01\node_modules\ursa-optional\build\ursaNative.vcxproj]
C:\Users\82103\AppData\Local\node-gyp\Cache\18.16.0\include\node\v8-value.h(416,41): message : 'v8::Value::Uint32Value' 선언을 참조하십시오. [F:\2023_pnu_cse\node01\node_modules\ursa-optional\build\ursaNative.vcxproj]
F:\2023_pnu_cse\node01\node_modules\ursa-optional\src\ursaNative.cc(1411,20): message : 인수 목록 '()'을(를) 일치시키는 동안 [F:\2023_pnu_cse\node01\node_modules\ursa-optional\build\ursaNative.vcxproj]
F:\2023_pnu_cse\node01\node_modules\ursa-optional\src\ursaNative.cc(1426,40): warning C4996: 'RSA_size': Since OpenSSL 3.0 [F:\2023_pnu_cse\node01\node_modules\ursa-optional\build\ursaNative.vcxproj]
F:\2023_pnu_cse\node01\node_modules\ursa-optional\src\ursaNative.cc(1430,13): warning C4996: 'RSA_sign': Since OpenSSL 3.0 [F:\2023_pnu_cse\node01\node_modules\ursa-optional\build\ursaNative.vcxproj]
F:\2023_pnu_cse\node01\node_modules\ursa-optional\src\ursaNative.cc(1477,20): error C2660: 'v8::Value::Uint32Value': 함수는 0개의 인수를 사용하지 않습니다. [F:\2023_pnu_cse\node01\node_modules\ursa-optional\build\ursaNative.vcxproj]
C:\Users\82103\AppData\Local\node-gyp\Cache\18.16.0\include\node\v8-value.h(416,41): message : 'v8::Value::Uint32Value' 선언을 참조하십시오. [F:\2023_pnu_cse\node01\node_modules\ursa-optional\build\ursaNative.vcxproj]
F:\2023_pnu_cse\node01\node_modules\ursa-optional\src\ursaNative.cc(1477,20): message : 인수 목록 '()'을(를) 일치시키는 동안 [F:\2023_pnu_cse\node01\node_modules\ursa-optional\build\ursaNative.vcxproj]
F:\2023_pnu_cse\node01\node_modules\ursa-optional\src\ursaNative.cc(1505,13): warning C4996: 'RSA_verify': Since OpenSSL 3.0 [F:\2023_pnu_cse\node01\node_modules\ursa-optional\build\ursaNative.vcxproj]
F:\2023_pnu_cse\node01\node_modules\ursa-optional\src\ursaNative.cc(1554,20): error C2660: 'v8::Value::Uint32Value': 함수는 0개의 인수를 사용하지 않습니다. [F:\2023_pnu_cse\node01\node_modules\ursa-optional\build\ursaNative.vcxproj]
C:\Users\82103\AppData\Local\node-gyp\Cache\18.16.0\include\node\v8-value.h(416,41): message : 'v8::Value::Uint32Value' 선언을 참조하십시오. [F:\2023_pnu_cse\node01\node_modules\ursa-optional\build\ursaNative.vcxproj]
F:\2023_pnu_cse\node01\node_modules\ursa-optional\src\ursaNative.cc(1554,20): message : 인수 목록 '()'을(를) 일치시키는 동안 [F:\2023_pnu_cse\node01\node_modules\ursa-optional\build\ursaNative.vcxproj]
F:\2023_pnu_cse\node01\node_modules\ursa-optional\src\ursaNative.cc(1584,21): error C2660: 'v8::Value::Uint32Value': 함수는 0개의 인수를 사용하지 않습니다. [F:\2023_pnu_cse\node01\node_modules\ursa-optional\build\ursaNative.vcxproj]
C:\Users\82103\AppData\Local\node-gyp\Cache\18.16.0\include\node\v8-value.h(416,41): message : 'v8::Value::Uint32Value' 선언을 참조하십시오. [F:\2023_pnu_cse\node01\node_modules\ursa-optional\build\ursaNative.vcxproj]
F:\2023_pnu_cse\node01\node_modules\ursa-optional\src\ursaNative.cc(1584,21): message : 인수 목록 '()'을(를) 일치시키는 동안 [F:\2023_pnu_cse\node01\node_modules\ursa-optional\build\ursaNative.vcxproj]
F:\2023_pnu_cse\node01\node_modules\ursa-optional\src\ursaNative.cc(1586,41): warning C4996: 'RSA_size': Since OpenSSL 3.0 [F:\2023_pnu_cse\node01\node_modules\ursa-optional\build\ursaNative.vcxproj]
F:\2023_pnu_cse\node01\node_modules\ursa-optional\src\ursaNative.cc(1589,13): warning C4996: 'RSA_padding_add_PKCS1_PSS': Since OpenSSL 3.0 [F:\2023_pnu_cse\node01\node_modules\ursa-optional\build\ursaNative.vcxproj]
F:\2023_pnu_cse\node01\node_modules\ursa-optional\src\ursaNative.cc(1627,20): error C2660: 'v8::Value::Uint32Value': 함수는 0개의 인수를 사용하지 않습니다. [F:\2023_pnu_cse\node01\node_modules\ursa-optional\build\ursaNative.vcxproj]
C:\Users\82103\AppData\Local\node-gyp\Cache\18.16.0\include\node\v8-value.h(416,41): message : 'v8::Value::Uint32Value' 선언을 참조하십시오. [F:\2023_pnu_cse\node01\node_modules\ursa-optional\build\ursaNative.vcxproj]
F:\2023_pnu_cse\node01\node_modules\ursa-optional\src\ursaNative.cc(1627,20): message : 인수 목록 '()'을(를) 일치시키는 동안 [F:\2023_pnu_cse\node01\node_modules\ursa-optional\build\ursaNative.vcxproj]
F:\2023_pnu_cse\node01\node_modules\ursa-optional\src\ursaNative.cc(1674,21): error C2660: 'v8::Value::Uint32Value': 함수는 0개의 인수를 사용하지 않습니다. [F:\2023_pnu_cse\node01\node_modules\ursa-optional\build\ursaNative.vcxproj]
C:\Users\82103\AppData\Local\node-gyp\Cache\18.16.0\include\node\v8-value.h(416,41): message : 'v8::Value::Uint32Value' 선언을 참조하십시오. [F:\2023_pnu_cse\node01\node_modules\ursa-optional\build\ursaNative.vcxproj]
F:\2023_pnu_cse\node01\node_modules\ursa-optional\src\ursaNative.cc(1674,21): message : 인수 목록 '()'을(를) 일치시키는 동안 [F:\2023_pnu_cse\node01\node_modules\ursa-optional\build\ursaNative.vcxproj]
F:\2023_pnu_cse\node01\node_modules\ursa-optional\src\ursaNative.cc(1658,49): warning C4996: 'RSA_size': Since OpenSSL 3.0 [F:\2023_pnu_cse\node01\node_modules\ursa-optional\build\ursaNative.vcxproj]
F:\2023_pnu_cse\node01\node_modules\ursa-optional\src\ursaNative.cc(1676,13): warning C4996: 'RSA_verify_PKCS1_PSS': Since OpenSSL 3.0 [F:\2023_pnu_cse\node01\node_modules\ursa-optional\build\ursaNative.vcxproj]
F:\2023_pnu_cse\node01\node_modules\ursa-optional\src\ursaNative.cc(1714,14): warning C4996: 'RSA_new': Since OpenSSL 3.0 [F:\2023_pnu_cse\node01\node_modules\ursa-optional\build\ursaNative.vcxproj]
F:\2023_pnu_cse\node01\node_modules\ursa-optional\src\ursaNative.cc(1771,5): warning C4996: 'RSA_set0_key': Since OpenSSL 3.0 [F:\2023_pnu_cse\node01\node_modules\ursa-optional\build\ursaNative.vcxproj]
F:\2023_pnu_cse\node01\node_modules\ursa-optional\src\ursaNative.cc(1772,5): warning C4996: 'RSA_set0_factors': Since OpenSSL 3.0 [F:\2023_pnu_cse\node01\node_modules\ursa-optional\build\ursaNative.vcxproj]
F:\2023_pnu_cse\node01\node_modules\ursa-optional\src\ursaNative.cc(1773,5): warning C4996: 'RSA_set0_crt_params': Since OpenSSL 3.0 [F:\2023_pnu_cse\node01\node_modules\ursa-optional\build\ursaNative.vcxproj]
F:\2023_pnu_cse\node01\node_modules\ursa-optional\src\ursaNative.cc(1829,14): warning C4996: 'RSA_new': Since OpenSSL 3.0 [F:\2023_pnu_cse\node01\node_modules\ursa-optional\build\ursaNative.vcxproj]
F:\2023_pnu_cse\node01\node_modules\ursa-optional\src\ursaNative.cc(1850,5): warning C4996: 'RSA_set0_key': Since OpenSSL 3.0 [F:\2023_pnu_cse\node01\node_modules\ursa-optional\build\ursaNative.vcxproj]
